<?xml version="1.0" encoding="UTF-8"?>
<testng-results ignored="0" total="1" passed="1" failed="0" skipped="0">
  <reporter-output>
  </reporter-output>
  <suite started-at="2024-12-09T17:53:00 IST" name="Default suite" finished-at="2024-12-09T17:53:00 IST" duration-ms="47">
    <groups>
    </groups>
    <test started-at="2024-12-09T17:53:00 IST" name="Default test" finished-at="2024-12-09T17:53:00 IST" duration-ms="47">
      <class name="package1.Class1">
        <test-method signature="method1Test()[pri:0, instance:package1.Class1@6771beb3]" started-at="2024-12-09T17:53:00 IST" name="method1Test" finished-at="2024-12-09T17:53:00 IST" duration-ms="9" status="PASS">
          <reporter-output>
          </reporter-output>
        </test-method> <!-- method1Test -->
      </class> <!-- package1.Class1 -->
    </test> <!-- Default test -->
  </suite> <!-- Default suite -->
</testng-results>
